   4.00  304.3057
   5.00  305.4678
   6.00  306.2726
   7.00  306.8602
   8.00  307.3058
   9.00  307.6531
  10.00  307.9294
  11.00  308.1525
  12.00  308.3346
  13.00  308.4843
  14.00  308.6078
  15.00  308.7097
  16.00  308.7936
  17.00  308.8621
  18.00  308.9174
  19.00  308.9611
  20.00  308.9946
  21.00  309.0191
  22.00  309.0353
  23.00  309.0441
  24.00  309.0460
  25.00  309.0416
  26.00  309.0314
  27.00  309.0156
  28.00  308.9947
  29.00  308.9688
  30.00  308.9383
  31.00  308.9032
  32.00  308.8638
  33.00  308.8202
  34.00  308.7726
  35.00  308.7210
  36.00  308.6656
  37.00  308.6063
  38.00  308.5434
  39.00  308.4767
  40.00  308.4064
  41.00  308.3326
  42.00  308.2551
  43.00  308.1741
  44.00  308.0896
  45.00  308.0015
  46.00  307.9098
  47.00  307.8147
  48.00  307.7159
  49.00  307.6136
  50.00  307.5076
